<?xml version="1.0" encoding="UTF-8"?>
<!-- Generated by org.testng.reporters.JUnitReportReporter -->
<testsuite hostname="LAPTOP-E88RJT0D" failures="0" tests="6" name="frameworkDriver.Driver" time="0.205" errors="0" timestamp="10 Sep 2020 12:25:12 GMT">
  <testcase classname="frameworkDriver.Driver" name="driverMtd" time="0.025"/>
  <testcase classname="frameworkDriver.Driver" name="driverMtd" time="0.018"/>
  <testcase classname="frameworkDriver.Driver" name="driverMtd" time="0.028"/>
  <testcase classname="frameworkDriver.Driver" name="driverMtd" time="0.025"/>
  <testcase classname="frameworkDriver.Driver" name="driverMtd" time="0.025"/>
  <testcase classname="frameworkDriver.Driver" name="driverMtd" time="0.084"/>
</testsuite> <!-- frameworkDriver.Driver -->
